---------------------------------------------------------------
[ 2020-03-20T15:49:23+08:00 ] 0.0.0.0 GET localhost/ophp/tp5/public/
[运行时间：0.024309s] [吞吐率：41.14req/s] [内存消耗：812.18kb] [文件加载：23]
[ info ] [ LANG ] D:\phpStudy\PHPTutorial\WWW\ophp\tp5\thinkphp\lang\zh-cn.php
[ info ] [ ROUTE ] array (
  'type' => 'module',
  'module' => 
  array (
    0 => '',
    1 => NULL,
    2 => NULL,
  ),
)
[ info ] [ HEADER ] array (
  'upgrade-insecure-requests' => '1',
  'cookie' => 'PHPSESSID=sk2phjmuod229abbea2lmd05k5',
  'connection' => 'close',
  'dnt' => '1',
  'accept-encoding' => 'gzip, deflate',
  'accept-language' => 'zh-CN,zh;q=0.8,zh-TW;q=0.7,zh-HK;q=0.5,en-US;q=0.3,en;q=0.2',
  'accept' => 'text/html,application/xhtml+xml,application/xml;q=0.9,image/webp,*/*;q=0.8',
  'user-agent' => 'Mozilla/5.0 (Windows NT 10.0; Win64; x64; rv:74.0) Gecko/20100101 Firefox/74.0',
  'host' => 'localhost',
)
[ info ] [ PARAM ] array (
)
[ info ] [ RUN ] app\index\controller\Index->index[ D:\phpStudy\PHPTutorial\WWW\ophp\tp5\application\index\controller\Index.php ]
[ info ] [ LOG ] INIT File
---------------------------------------------------------------
[ 2020-03-20T15:49:32+08:00 ] 0.0.0.0 GET localhost/ophp/tp5/public/index.php/admin
[运行时间：0.025804s] [吞吐率：38.75req/s] [内存消耗：1,211.93kb] [文件加载：33]
[ info ] [ LANG ] D:\phpStudy\PHPTutorial\WWW\ophp\tp5\thinkphp\lang\zh-cn.php
[ info ] [ ROUTE ] array (
  'type' => 'module',
  'module' => 
  array (
    0 => 'admin',
    1 => NULL,
    2 => NULL,
  ),
)
[ info ] [ HEADER ] array (
  'upgrade-insecure-requests' => '1',
  'cookie' => 'PHPSESSID=sk2phjmuod229abbea2lmd05k5',
  'connection' => 'close',
  'dnt' => '1',
  'accept-encoding' => 'gzip, deflate',
  'accept-language' => 'zh-CN,zh;q=0.8,zh-TW;q=0.7,zh-HK;q=0.5,en-US;q=0.3,en;q=0.2',
  'accept' => 'text/html,application/xhtml+xml,application/xml;q=0.9,image/webp,*/*;q=0.8',
  'user-agent' => 'Mozilla/5.0 (Windows NT 10.0; Win64; x64; rv:74.0) Gecko/20100101 Firefox/74.0',
  'host' => 'localhost',
)
[ info ] [ PARAM ] array (
)
[ info ] [ SESSION ] INIT array (
  'id' => '',
  'var_session_id' => '',
  'prefix' => 'think',
  'type' => '',
  'auto_start' => true,
  'httponly' => true,
  'secure' => false,
)
[ info ] [ RUN ] app\admin\controller\Index->index[ D:\phpStudy\PHPTutorial\WWW\ophp\tp5\application\admin\controller\Index.php ]
[ info ] [ VIEW ] ../application/admin\view\index\home.html [ array (
  0 => 'userinfo',
) ]
[ info ] [ LOG ] INIT File
---------------------------------------------------------------
[ 2020-03-20T15:49:32+08:00 ] 0.0.0.0 GET localhost/ophp/tp5/public/static/js/vue.js
[运行时间：0.020949s] [吞吐率：47.74req/s] [内存消耗：847.85kb] [文件加载：25]
[ info ] [ LANG ] D:\phpStudy\PHPTutorial\WWW\ophp\tp5\thinkphp\lang\zh-cn.php
[ info ] [ ROUTE ] array (
  'type' => 'module',
  'module' => 
  array (
    0 => 'static',
    1 => 'js',
    2 => 'vue.js',
  ),
)
[ info ] [ HEADER ] array (
  'cookie' => 'PHPSESSID=sk2phjmuod229abbea2lmd05k5',
  'referer' => 'http://localhost/ophp/tp5/public/index.php/admin',
  'connection' => 'close',
  'dnt' => '1',
  'accept-encoding' => 'gzip, deflate',
  'accept-language' => 'zh-CN,zh;q=0.8,zh-TW;q=0.7,zh-HK;q=0.5,en-US;q=0.3,en;q=0.2',
  'accept' => '*/*',
  'user-agent' => 'Mozilla/5.0 (Windows NT 10.0; Win64; x64; rv:74.0) Gecko/20100101 Firefox/74.0',
  'host' => 'localhost',
)
[ info ] [ PARAM ] array (
)
[ info ] [ LOG ] INIT File
